<?xml version="1.0" encoding="utf-8"?>
<coverage line-rate="0.6552" branch-rate="0.68" version="1.9" timestamp="1691349232" lines-covered="211" lines-valid="322" branches-covered="34" branches-valid="50">
  <sources>
    <source>C:\</source>
  </sources>
  <packages>
    <package name="SimplifiedSlotMachine.Common" line-rate="0.125" branch-rate="0" complexity="7">
      <classes>
        <class name="SimplifiedSlotMachine.Common.Validators.StringExtensions" filename="Frontend\Projects\SlotMachine\slot-machine-main\slot-machine-main\SimplifiedSlotMachine.Common\Validators\StringExtensions.cs" line-rate="0" branch-rate="0" complexity="5">
          <methods>
            <method name="IsValidInput" signature="(System.String)" line-rate="0" branch-rate="0" complexity="4">
              <lines>
                <line number="9" hits="0" branch="False" />
                <line number="10" hits="0" branch="True" condition-coverage="0% (0/2)">
                  <conditions>
                    <condition number="14" type="jump" coverage="0%" />
                  </conditions>
                </line>
                <line number="11" hits="0" branch="False" />
                <line number="12" hits="0" branch="False" />
                <line number="14" hits="0" branch="True" condition-coverage="0% (0/2)">
                  <conditions>
                    <condition number="41" type="jump" coverage="0%" />
                  </conditions>
                </line>
                <line number="15" hits="0" branch="False" />
                <line number="16" hits="0" branch="False" />
                <line number="18" hits="0" branch="False" />
              </lines>
            </method>
            <method name="RemoveFormatting" signature="(System.String)" line-rate="0" branch-rate="1" complexity="1">
              <lines>
                <line number="21" hits="0" branch="False" />
                <line number="23" hits="0" branch="False" />
                <line number="26" hits="0" branch="False" />
                <line number="28" hits="0" branch="False" />
                <line number="29" hits="0" branch="False" />
                <line number="30" hits="0" branch="False" />
              </lines>
            </method>
          </methods>
          <lines>
            <line number="9" hits="0" branch="False" />
            <line number="10" hits="0" branch="True" condition-coverage="0% (0/2)">
              <conditions>
                <condition number="14" type="jump" coverage="0%" />
              </conditions>
            </line>
            <line number="11" hits="0" branch="False" />
            <line number="12" hits="0" branch="False" />
            <line number="14" hits="0" branch="True" condition-coverage="0% (0/2)">
              <conditions>
                <condition number="41" type="jump" coverage="0%" />
              </conditions>
            </line>
            <line number="15" hits="0" branch="False" />
            <line number="16" hits="0" branch="False" />
            <line number="18" hits="0" branch="False" />
            <line number="21" hits="0" branch="False" />
            <line number="23" hits="0" branch="False" />
            <line number="26" hits="0" branch="False" />
            <line number="28" hits="0" branch="False" />
            <line number="29" hits="0" branch="False" />
            <line number="30" hits="0" branch="False" />
          </lines>
        </class>
        <class name="SimplifiedSlotMachine.Common.Services.Writer" filename="Frontend\Projects\SlotMachine\slot-machine-main\slot-machine-main\SimplifiedSlotMachine.Common\Services\Writer.cs" line-rate="1" branch-rate="1" complexity="2">
          <methods>
            <method name="WriteLine" signature="(System.String)" line-rate="1" branch-rate="1" complexity="1">
              <lines>
                <line number="7" hits="2" branch="False" />
              </lines>
            </method>
            <method name="WriteLine" signature="()" line-rate="1" branch-rate="1" complexity="1">
              <lines>
                <line number="9" hits="1" branch="False" />
              </lines>
            </method>
          </methods>
          <lines>
            <line number="7" hits="2" branch="False" />
            <line number="9" hits="1" branch="False" />
          </lines>
        </class>
      </classes>
    </package>
    <package name="SimplifiedSlotMachine.Data" line-rate="1" branch-rate="1" complexity="5">
      <classes>
        <class name="SimplifiedSlotMachine.Data.Models.Game" filename="Frontend\Projects\SlotMachine\slot-machine-main\slot-machine-main\SimplifiedSlotMachine.Data\Models\Game.cs" line-rate="1" branch-rate="1" complexity="5">
          <methods>
            <method name="get_Bet" signature="()" line-rate="1" branch-rate="1" complexity="1">
              <lines>
                <line number="9" hits="8" branch="False" />
              </lines>
            </method>
            <method name="get_Balance" signature="()" line-rate="1" branch-rate="1" complexity="1">
              <lines>
                <line number="11" hits="10" branch="False" />
              </lines>
            </method>
            <method name="get_RoundDifference" signature="()" line-rate="1" branch-rate="1" complexity="1">
              <lines>
                <line number="13" hits="1" branch="False" />
              </lines>
            </method>
            <method name=".ctor" signature="(System.Decimal,System.Decimal)" line-rate="1" branch-rate="1" complexity="2">
              <lines>
                <line number="15" hits="3" branch="False" />
                <line number="16" hits="3" branch="False" />
                <line number="17" hits="3" branch="True" condition-coverage="100% (2/2)">
                  <conditions>
                    <condition number="17" type="jump" coverage="100%" />
                  </conditions>
                </line>
                <line number="18" hits="1" branch="False" />
                <line number="19" hits="1" branch="False" />
                <line number="21" hits="2" branch="False" />
                <line number="22" hits="2" branch="False" />
                <line number="23" hits="2" branch="False" />
              </lines>
            </method>
          </methods>
          <lines>
            <line number="9" hits="8" branch="False" />
            <line number="11" hits="10" branch="False" />
            <line number="13" hits="1" branch="False" />
            <line number="15" hits="3" branch="False" />
            <line number="16" hits="3" branch="False" />
            <line number="17" hits="3" branch="True" condition-coverage="100% (2/2)">
              <conditions>
                <condition number="17" type="jump" coverage="100%" />
              </conditions>
            </line>
            <line number="18" hits="1" branch="False" />
            <line number="19" hits="1" branch="False" />
            <line number="21" hits="2" branch="False" />
            <line number="22" hits="2" branch="False" />
            <line number="23" hits="2" branch="False" />
          </lines>
        </class>
      </classes>
    </package>
    <package name="SimplifiedSlotMachine" line-rate="0" branch-rate="1" complexity="1">
      <classes>
        <class name="SimplifiedSlotMachine.Startup" filename="Frontend\Projects\SlotMachine\slot-machine-main\slot-machine-main\SimplifiedSlotMachine\Startup.cs" line-rate="0" branch-rate="1" complexity="1">
          <methods>
            <method name="Main" signature="()" line-rate="0" branch-rate="1" complexity="1">
              <lines>
                <line number="8" hits="0" branch="False" />
              </lines>
            </method>
          </methods>
          <lines>
            <line number="8" hits="0" branch="False" />
          </lines>
        </class>
      </classes>
    </package>
    <package name="SimplifiedSlotMachine.Services" line-rate="0.5297" branch-rate="0.7142000000000001" complexity="53">
      <classes>
        <class name="SimplifiedSlotMachine.Services.Engine" filename="Frontend\Projects\SlotMachine\slot-machine-main\slot-machine-main\SimplifiedSlotMachine.Services\Engine.cs" line-rate="0" branch-rate="0" complexity="12">
          <methods>
            <method name="Run" signature="()" line-rate="0" branch-rate="1" complexity="1">
              <lines>
                <line number="37" hits="0" branch="False" />
                <line number="38" hits="0" branch="False" />
                <line number="39" hits="0" branch="False" />
                <line number="41" hits="0" branch="False" />
                <line number="42" hits="0" branch="False" />
                <line number="43" hits="0" branch="False" />
                <line number="44" hits="0" branch="False" />
                <line number="45" hits="0" branch="False" />
              </lines>
            </method>
            <method name="get_Instance" signature="()" line-rate="0" branch-rate="1" complexity="1">
              <lines>
                <line number="48" hits="0" branch="False" />
              </lines>
            </method>
            <method name="Read" signature="()" line-rate="0" branch-rate="1" complexity="1">
              <lines>
                <line number="51" hits="0" branch="False" />
                <line number="52" hits="0" branch="False" />
                <line number="53" hits="0" branch="False" />
              </lines>
            </method>
            <method name="Process" signature="(System.String)" line-rate="0" branch-rate="0" complexity="6">
              <lines>
                <line number="56" hits="0" branch="False" />
                <line number="57" hits="0" branch="True" condition-coverage="0% (0/2)">
                  <conditions>
                    <condition number="24" type="jump" coverage="0%" />
                  </conditions>
                </line>
                <line number="58" hits="0" branch="False" />
                <line number="59" hits="0" branch="False" />
                <line number="60" hits="0" branch="False" />
                <line number="63" hits="0" branch="False" />
                <line number="64" hits="0" branch="False" />
                <line number="65" hits="0" branch="False" />
                <line number="67" hits="0" branch="True" condition-coverage="0% (0/2)">
                  <conditions>
                    <condition number="98" type="jump" coverage="0%" />
                  </conditions>
                </line>
                <line number="68" hits="0" branch="False" />
                <line number="69" hits="0" branch="False" />
                <line number="72" hits="0" branch="False" />
                <line number="74" hits="0" branch="False" />
                <line number="75" hits="0" branch="False" />
                <line number="76" hits="0" branch="True" condition-coverage="0% (0/2)">
                  <conditions>
                    <condition number="145" type="jump" coverage="0%" />
                  </conditions>
                </line>
                <line number="77" hits="0" branch="False" />
                <line number="78" hits="0" branch="False" />
                <line number="79" hits="0" branch="False" />
                <line number="81" hits="0" branch="False" />
                <line number="83" hits="0" branch="False" />
              </lines>
            </method>
            <method name="Print" signature="(System.String)" line-rate="0" branch-rate="1" complexity="1">
              <lines>
                <line number="86" hits="0" branch="False" />
                <line number="87" hits="0" branch="False" />
                <line number="88" hits="0" branch="False" />
              </lines>
            </method>
            <method name=".cctor" signature="()" line-rate="0" branch-rate="1" complexity="1">
              <lines>
                <line number="20" hits="0" branch="False" />
                <line number="21" hits="0" branch="False" />
                <line number="22" hits="0" branch="False" />
                <line number="23" hits="0" branch="False" />
                <line number="24" hits="0" branch="False" />
              </lines>
            </method>
            <method name=".ctor" signature="(Ninject.StandardKernel)" line-rate="0" branch-rate="1" complexity="1">
              <lines>
                <line number="26" hits="0" branch="False" />
                <line number="27" hits="0" branch="False" />
                <line number="28" hits="0" branch="False" />
                <line number="29" hits="0" branch="False" />
                <line number="30" hits="0" branch="False" />
                <line number="31" hits="0" branch="False" />
                <line number="32" hits="0" branch="False" />
                <line number="33" hits="0" branch="False" />
                <line number="34" hits="0" branch="False" />
              </lines>
            </method>
          </methods>
          <lines>
            <line number="37" hits="0" branch="False" />
            <line number="38" hits="0" branch="False" />
            <line number="39" hits="0" branch="False" />
            <line number="41" hits="0" branch="False" />
            <line number="42" hits="0" branch="False" />
            <line number="43" hits="0" branch="False" />
            <line number="44" hits="0" branch="False" />
            <line number="45" hits="0" branch="False" />
            <line number="48" hits="0" branch="False" />
            <line number="51" hits="0" branch="False" />
            <line number="52" hits="0" branch="False" />
            <line number="53" hits="0" branch="False" />
            <line number="56" hits="0" branch="False" />
            <line number="57" hits="0" branch="True" condition-coverage="0% (0/2)">
              <conditions>
                <condition number="24" type="jump" coverage="0%" />
              </conditions>
            </line>
            <line number="58" hits="0" branch="False" />
            <line number="59" hits="0" branch="False" />
            <line number="60" hits="0" branch="False" />
            <line number="63" hits="0" branch="False" />
            <line number="64" hits="0" branch="False" />
            <line number="65" hits="0" branch="False" />
            <line number="67" hits="0" branch="True" condition-coverage="0% (0/2)">
              <conditions>
                <condition number="98" type="jump" coverage="0%" />
              </conditions>
            </line>
            <line number="68" hits="0" branch="False" />
            <line number="69" hits="0" branch="False" />
            <line number="72" hits="0" branch="False" />
            <line number="74" hits="0" branch="False" />
            <line number="75" hits="0" branch="False" />
            <line number="76" hits="0" branch="True" condition-coverage="0% (0/2)">
              <conditions>
                <condition number="145" type="jump" coverage="0%" />
              </conditions>
            </line>
            <line number="77" hits="0" branch="False" />
            <line number="78" hits="0" branch="False" />
            <line number="79" hits="0" branch="False" />
            <line number="81" hits="0" branch="False" />
            <line number="83" hits="0" branch="False" />
            <line number="86" hits="0" branch="False" />
            <line number="87" hits="0" branch="False" />
            <line number="88" hits="0" branch="False" />
            <line number="20" hits="0" branch="False" />
            <line number="21" hits="0" branch="False" />
            <line number="22" hits="0" branch="False" />
            <line number="23" hits="0" branch="False" />
            <line number="24" hits="0" branch="False" />
            <line number="26" hits="0" branch="False" />
            <line number="27" hits="0" branch="False" />
            <line number="28" hits="0" branch="False" />
            <line number="29" hits="0" branch="False" />
            <line number="30" hits="0" branch="False" />
            <line number="31" hits="0" branch="False" />
            <line number="32" hits="0" branch="False" />
            <line number="33" hits="0" branch="False" />
            <line number="34" hits="0" branch="False" />
          </lines>
        </class>
        <class name="SimplifiedSlotMachine.Services.Providers.GameFactory" filename="Frontend\Projects\SlotMachine\slot-machine-main\slot-machine-main\SimplifiedSlotMachine.Services\Providers\GameFactory.cs" line-rate="0" branch-rate="1" complexity="1">
          <methods>
            <method name="Create" signature="(System.String[])" line-rate="0" branch-rate="1" complexity="1">
              <lines>
                <line number="11" hits="0" branch="False" />
                <line number="12" hits="0" branch="False" />
                <line number="14" hits="0" branch="False" />
                <line number="15" hits="0" branch="False" />
                <line number="16" hits="0" branch="False" />
                <line number="17" hits="0" branch="False" />
              </lines>
            </method>
          </methods>
          <lines>
            <line number="11" hits="0" branch="False" />
            <line number="12" hits="0" branch="False" />
            <line number="14" hits="0" branch="False" />
            <line number="15" hits="0" branch="False" />
            <line number="16" hits="0" branch="False" />
            <line number="17" hits="0" branch="False" />
          </lines>
        </class>
        <class name="SimplifiedSlotMachine.Services.Providers.Generator" filename="Frontend\Projects\SlotMachine\slot-machine-main\slot-machine-main\SimplifiedSlotMachine.Services\Providers\Generator.cs" line-rate="0" branch-rate="0" complexity="3">
          <methods>
            <method name="Generate" signature="(System.Int32,System.Int32,System.Int32)" line-rate="0" branch-rate="0" complexity="2">
              <lines>
                <line number="12" hits="0" branch="False" />
                <line number="13" hits="0" branch="False" />
                <line number="15" hits="0" branch="True" condition-coverage="0% (0/2)">
                  <conditions>
                    <condition number="73" type="jump" coverage="0%" />
                  </conditions>
                </line>
                <line number="16" hits="0" branch="False" />
                <line number="17" hits="0" branch="False" />
                <line number="18" hits="0" branch="False" />
                <line number="19" hits="0" branch="False" />
                <line number="20" hits="0" branch="False" />
                <line number="21" hits="0" branch="False" />
                <line number="23" hits="0" branch="False" />
                <line number="24" hits="0" branch="False" />
              </lines>
            </method>
            <method name=".cctor" signature="()" line-rate="0" branch-rate="1" complexity="1">
              <lines>
                <line number="8" hits="0" branch="False" />
                <line number="9" hits="0" branch="False" />
              </lines>
            </method>
          </methods>
          <lines>
            <line number="12" hits="0" branch="False" />
            <line number="13" hits="0" branch="False" />
            <line number="15" hits="0" branch="True" condition-coverage="0% (0/2)">
              <conditions>
                <condition number="73" type="jump" coverage="0%" />
              </conditions>
            </line>
            <line number="16" hits="0" branch="False" />
            <line number="17" hits="0" branch="False" />
            <line number="18" hits="0" branch="False" />
            <line number="19" hits="0" branch="False" />
            <line number="20" hits="0" branch="False" />
            <line number="21" hits="0" branch="False" />
            <line number="23" hits="0" branch="False" />
            <line number="24" hits="0" branch="False" />
            <line number="8" hits="0" branch="False" />
            <line number="9" hits="0" branch="False" />
          </lines>
        </class>
        <class name="SimplifiedSlotMachine.Services.Providers.PlayGame" filename="Frontend\Projects\SlotMachine\slot-machine-main\slot-machine-main\SimplifiedSlotMachine.Services\Providers\PlayGame.cs" line-rate="0.7068000000000001" branch-rate="0.75" complexity="12">
          <methods>
            <method name="Play" signature="(SimplifiedSlotMachine.Data.Models.Game,SimplifiedSlotMachine.Services.Contracts.IRNDCalculator,SimplifiedSlotMachine.Services.Contracts.IGenerator,SimplifiedSlotMachine.Common.Services.IWriter)" line-rate="0.7068000000000001" branch-rate="0.75" complexity="12">
              <lines>
                <line number="20" hits="1" branch="False" />
                <line number="21" hits="1" branch="False" />
                <line number="22" hits="2" branch="True" condition-coverage="100% (2/2)">
                  <conditions>
                    <condition number="585" type="jump" coverage="100%" />
                  </conditions>
                </line>
                <line number="23" hits="1" branch="False" />
                <line number="24" hits="1" branch="True" condition-coverage="50% (1/2)">
                  <conditions>
                    <condition number="17" type="jump" coverage="50%" />
                  </conditions>
                </line>
                <line number="25" hits="0" branch="False" />
                <line number="26" hits="0" branch="False" />
                <line number="28" hits="0" branch="False" />
                <line number="30" hits="0" branch="False" />
                <line number="31" hits="0" branch="False" />
                <line number="32" hits="0" branch="False" />
                <line number="33" hits="0" branch="False" />
                <line number="34" hits="0" branch="False" />
                <line number="35" hits="0" branch="False" />
                <line number="36" hits="0" branch="False" />
                <line number="38" hits="0" branch="False" />
                <line number="39" hits="0" branch="False" />
                <line number="40" hits="1" branch="True" condition-coverage="50% (1/2)">
                  <conditions>
                    <condition number="109" type="jump" coverage="50%" />
                  </conditions>
                </line>
                <line number="41" hits="0" branch="False" />
                <line number="42" hits="0" branch="False" />
                <line number="43" hits="0" branch="False" />
                <line number="46" hits="1" branch="False" />
                <line number="47" hits="1" branch="False" />
                <line number="48" hits="1" branch="False" />
                <line number="49" hits="1" branch="False" />
                <line number="50" hits="1" branch="True" condition-coverage="50% (1/2)">
                  <conditions>
                    <condition number="175" type="jump" coverage="50%" />
                  </conditions>
                </line>
                <line number="51" hits="0" branch="False" />
                <line number="52" hits="0" branch="False" />
                <line number="55" hits="1" branch="False" />
                <line number="57" hits="10" branch="True" condition-coverage="100% (2/2)">
                  <conditions>
                    <condition number="275" type="jump" coverage="100%" />
                  </conditions>
                </line>
                <line number="58" hits="4" branch="False" />
                <line number="59" hits="4" branch="False" />
                <line number="60" hits="4" branch="False" />
                <line number="61" hits="4" branch="True" condition-coverage="100% (2/2)">
                  <conditions>
                    <condition number="240" type="jump" coverage="100%" />
                  </conditions>
                </line>
                <line number="62" hits="4" branch="False" />
                <line number="63" hits="4" branch="False" />
                <line number="64" hits="4" branch="False" />
                <line number="65" hits="4" branch="False" />
                <line number="66" hits="1" branch="False" />
                <line number="67" hits="1" branch="False" />
                <line number="68" hits="1" branch="False" />
                <line number="69" hits="1" branch="False" />
                <line number="70" hits="5" branch="False" />
                <line number="72" hits="1" branch="False" />
                <line number="73" hits="1" branch="False" />
                <line number="74" hits="1" branch="False" />
                <line number="75" hits="1" branch="False" />
                <line number="76" hits="1" branch="False" />
                <line number="77" hits="1" branch="False" />
                <line number="79" hits="1" branch="False" />
                <line number="81" hits="1" branch="False" />
                <line number="83" hits="1" branch="False" />
                <line number="84" hits="1" branch="False" />
                <line number="85" hits="1" branch="False" />
                <line number="86" hits="1" branch="False" />
                <line number="87" hits="1" branch="False" />
                <line number="89" hits="1" branch="False" />
                <line number="90" hits="1" branch="False" />
              </lines>
            </method>
          </methods>
          <lines>
            <line number="20" hits="1" branch="False" />
            <line number="21" hits="1" branch="False" />
            <line number="22" hits="2" branch="True" condition-coverage="100% (2/2)">
              <conditions>
                <condition number="585" type="jump" coverage="100%" />
              </conditions>
            </line>
            <line number="23" hits="1" branch="False" />
            <line number="24" hits="1" branch="True" condition-coverage="50% (1/2)">
              <conditions>
                <condition number="17" type="jump" coverage="50%" />
              </conditions>
            </line>
            <line number="25" hits="0" branch="False" />
            <line number="26" hits="0" branch="False" />
            <line number="28" hits="0" branch="False" />
            <line number="30" hits="0" branch="False" />
            <line number="31" hits="0" branch="False" />
            <line number="32" hits="0" branch="False" />
            <line number="33" hits="0" branch="False" />
            <line number="34" hits="0" branch="False" />
            <line number="35" hits="0" branch="False" />
            <line number="36" hits="0" branch="False" />
            <line number="38" hits="0" branch="False" />
            <line number="39" hits="0" branch="False" />
            <line number="40" hits="1" branch="True" condition-coverage="50% (1/2)">
              <conditions>
                <condition number="109" type="jump" coverage="50%" />
              </conditions>
            </line>
            <line number="41" hits="0" branch="False" />
            <line number="42" hits="0" branch="False" />
            <line number="43" hits="0" branch="False" />
            <line number="46" hits="1" branch="False" />
            <line number="47" hits="1" branch="False" />
            <line number="48" hits="1" branch="False" />
            <line number="49" hits="1" branch="False" />
            <line number="50" hits="1" branch="True" condition-coverage="50% (1/2)">
              <conditions>
                <condition number="175" type="jump" coverage="50%" />
              </conditions>
            </line>
            <line number="51" hits="0" branch="False" />
            <line number="52" hits="0" branch="False" />
            <line number="55" hits="1" branch="False" />
            <line number="57" hits="10" branch="True" condition-coverage="100% (2/2)">
              <conditions>
                <condition number="275" type="jump" coverage="100%" />
              </conditions>
            </line>
            <line number="58" hits="4" branch="False" />
            <line number="59" hits="4" branch="False" />
            <line number="60" hits="4" branch="False" />
            <line number="61" hits="4" branch="True" condition-coverage="100% (2/2)">
              <conditions>
                <condition number="240" type="jump" coverage="100%" />
              </conditions>
            </line>
            <line number="62" hits="4" branch="False" />
            <line number="63" hits="4" branch="False" />
            <line number="64" hits="4" branch="False" />
            <line number="65" hits="4" branch="False" />
            <line number="66" hits="1" branch="False" />
            <line number="67" hits="1" branch="False" />
            <line number="68" hits="1" branch="False" />
            <line number="69" hits="1" branch="False" />
            <line number="70" hits="5" branch="False" />
            <line number="72" hits="1" branch="False" />
            <line number="73" hits="1" branch="False" />
            <line number="74" hits="1" branch="False" />
            <line number="75" hits="1" branch="False" />
            <line number="76" hits="1" branch="False" />
            <line number="77" hits="1" branch="False" />
            <line number="79" hits="1" branch="False" />
            <line number="81" hits="1" branch="False" />
            <line number="83" hits="1" branch="False" />
            <line number="84" hits="1" branch="False" />
            <line number="85" hits="1" branch="False" />
            <line number="86" hits="1" branch="False" />
            <line number="87" hits="1" branch="False" />
            <line number="89" hits="1" branch="False" />
            <line number="90" hits="1" branch="False" />
          </lines>
        </class>
        <class name="SimplifiedSlotMachine.Services.Providers.RequestTranslator" filename="Frontend\Projects\SlotMachine\slot-machine-main\slot-machine-main\SimplifiedSlotMachine.Services\Providers\RequestTranslator.cs" line-rate="1" branch-rate="1" complexity="2">
          <methods>
            <method name="Parse" signature="(System.String)" line-rate="1" branch-rate="1" complexity="2">
              <lines>
                <line number="11" hits="2" branch="False" />
                <line number="12" hits="2" branch="False" />
                <line number="13" hits="2" branch="False" />
                <line number="14" hits="2" branch="False" />
                <line number="15" hits="2" branch="True" condition-coverage="100% (2/2)">
                  <conditions>
                    <condition number="39" type="jump" coverage="100%" />
                  </conditions>
                </line>
                <line number="16" hits="1" branch="False" />
                <line number="17" hits="1" branch="False" />
                <line number="19" hits="1" branch="False" />
                <line number="20" hits="1" branch="False" />
              </lines>
            </method>
          </methods>
          <lines>
            <line number="11" hits="2" branch="False" />
            <line number="12" hits="2" branch="False" />
            <line number="13" hits="2" branch="False" />
            <line number="14" hits="2" branch="False" />
            <line number="15" hits="2" branch="True" condition-coverage="100% (2/2)">
              <conditions>
                <condition number="39" type="jump" coverage="100%" />
              </conditions>
            </line>
            <line number="16" hits="1" branch="False" />
            <line number="17" hits="1" branch="False" />
            <line number="19" hits="1" branch="False" />
            <line number="20" hits="1" branch="False" />
          </lines>
        </class>
        <class name="SimplifiedSlotMachine.Services.Providers.RNDCalculator" filename="Frontend\Projects\SlotMachine\slot-machine-main\slot-machine-main\SimplifiedSlotMachine.Services\Providers\RNDCalculator.cs" line-rate="0.9661" branch-rate="0.95" complexity="22">
          <methods>
            <method name="CalculateCurrentBalance" signature="(System.Decimal,System.Decimal,System.Decimal)" line-rate="1" branch-rate="1" complexity="1">
              <lines>
                <line number="24" hits="1" branch="False" />
                <line number="25" hits="1" branch="False" />
                <line number="26" hits="1" branch="False" />
                <line number="27" hits="1" branch="False" />
              </lines>
            </method>
            <method name="GetGameNumbers" signature="(System.Int32[])" line-rate="1" branch-rate="1" complexity="2">
              <lines>
                <line number="30" hits="1" branch="False" />
                <line number="31" hits="1" branch="False" />
                <line number="32" hits="8" branch="True" condition-coverage="100% (2/2)">
                  <conditions>
                    <condition number="124" type="jump" coverage="100%" />
                  </conditions>
                </line>
                <line number="33" hits="3" branch="False" />
                <line number="34" hits="3" branch="False" />
                <line number="35" hits="12" branch="False" />
                <line number="36" hits="3" branch="False" />
                <line number="37" hits="3" branch="False" />
                <line number="39" hits="1" branch="False" />
                <line number="40" hits="1" branch="False" />
              </lines>
            </method>
            <method name="CalculateWinCoeficient" signature="(System.Int32[])" line-rate="1" branch-rate="1" complexity="8">
              <lines>
                <line number="43" hits="4" branch="False" />
                <line number="44" hits="4" branch="False" />
                <line number="45" hits="36" branch="True" condition-coverage="100% (2/2)">
                  <conditions>
                    <condition number="151" type="jump" coverage="100%" />
                  </conditions>
                </line>
                <line number="46" hits="12" branch="False" />
                <line number="47" hits="12" branch="True" condition-coverage="100% (6/6)">
                  <conditions>
                    <condition number="35" type="jump" coverage="100%" />
                    <condition number="43" type="jump" coverage="100%" />
                    <condition number="51" type="jump" coverage="100%" />
                  </conditions>
                </line>
                <line number="50" hits="4" branch="False" />
                <line number="51" hits="4" branch="False" />
                <line number="54" hits="3" branch="False" />
                <line number="55" hits="3" branch="False" />
                <line number="58" hits="3" branch="False" />
                <line number="59" hits="3" branch="False" />
                <line number="62" hits="2" branch="False" />
                <line number="63" hits="2" branch="False" />
                <line number="65" hits="12" branch="False" />
                <line number="67" hits="4" branch="False" />
                <line number="68" hits="4" branch="False" />
              </lines>
            </method>
            <method name="ContainsDuplicates" signature="(System.Int32[])" line-rate="0.9129999999999999" branch-rate="0.9" complexity="10">
              <lines>
                <line number="71" hits="2" branch="False" />
                <line number="72" hits="8" branch="False" />
                <line number="73" hits="2" branch="False" />
                <line number="74" hits="16" branch="True" condition-coverage="100% (2/2)">
                  <conditions>
                    <condition number="132" type="jump" coverage="100%" />
                  </conditions>
                </line>
                <line number="75" hits="6" branch="False" />
                <line number="76" hits="24" branch="True" condition-coverage="100% (2/2)">
                  <conditions>
                    <condition number="115" type="jump" coverage="100%" />
                  </conditions>
                </line>
                <line number="77" hits="6" branch="False" />
                <line number="78" hits="6" branch="True" condition-coverage="100% (2/2)">
                  <conditions>
                    <condition number="70" type="jump" coverage="100%" />
                  </conditions>
                </line>
                <line number="79" hits="1" branch="False" />
                <line number="80" hits="1" branch="False" />
                <line number="81" hits="1" branch="False" />
                <line number="83" hits="5" branch="False" />
                <line number="84" hits="5" branch="True" condition-coverage="50% (1/2)">
                  <conditions>
                    <condition number="91" type="jump" coverage="50%" />
                  </conditions>
                </line>
                <line number="85" hits="0" branch="False" />
                <line number="86" hits="0" branch="False" />
                <line number="88" hits="5" branch="False" />
                <line number="89" hits="6" branch="False" />
                <line number="90" hits="6" branch="False" />
                <line number="91" hits="2" branch="True" condition-coverage="100% (2/2)">
                  <conditions>
                    <condition number="147" type="jump" coverage="100%" />
                  </conditions>
                </line>
                <line number="92" hits="1" branch="False" />
                <line number="93" hits="1" branch="False" />
                <line number="95" hits="1" branch="False" />
                <line number="96" hits="2" branch="False" />
              </lines>
            </method>
            <method name=".ctor" signature="()" line-rate="1" branch-rate="1" complexity="1">
              <lines>
                <line number="16" hits="8" branch="False" />
                <line number="17" hits="8" branch="False" />
                <line number="18" hits="8" branch="False" />
                <line number="19" hits="8" branch="False" />
                <line number="20" hits="8" branch="False" />
                <line number="21" hits="8" branch="False" />
              </lines>
            </method>
          </methods>
          <lines>
            <line number="24" hits="1" branch="False" />
            <line number="25" hits="1" branch="False" />
            <line number="26" hits="1" branch="False" />
            <line number="27" hits="1" branch="False" />
            <line number="30" hits="1" branch="False" />
            <line number="31" hits="1" branch="False" />
            <line number="32" hits="8" branch="True" condition-coverage="100% (2/2)">
              <conditions>
                <condition number="124" type="jump" coverage="100%" />
              </conditions>
            </line>
            <line number="33" hits="3" branch="False" />
            <line number="34" hits="3" branch="False" />
            <line number="35" hits="12" branch="False" />
            <line number="36" hits="3" branch="False" />
            <line number="37" hits="3" branch="False" />
            <line number="39" hits="1" branch="False" />
            <line number="40" hits="1" branch="False" />
            <line number="43" hits="4" branch="False" />
            <line number="44" hits="4" branch="False" />
            <line number="45" hits="36" branch="True" condition-coverage="100% (2/2)">
              <conditions>
                <condition number="151" type="jump" coverage="100%" />
              </conditions>
            </line>
            <line number="46" hits="12" branch="False" />
            <line number="47" hits="12" branch="True" condition-coverage="100% (6/6)">
              <conditions>
                <condition number="35" type="jump" coverage="100%" />
                <condition number="43" type="jump" coverage="100%" />
                <condition number="51" type="jump" coverage="100%" />
              </conditions>
            </line>
            <line number="50" hits="4" branch="False" />
            <line number="51" hits="4" branch="False" />
            <line number="54" hits="3" branch="False" />
            <line number="55" hits="3" branch="False" />
            <line number="58" hits="3" branch="False" />
            <line number="59" hits="3" branch="False" />
            <line number="62" hits="2" branch="False" />
            <line number="63" hits="2" branch="False" />
            <line number="65" hits="12" branch="False" />
            <line number="67" hits="4" branch="False" />
            <line number="68" hits="4" branch="False" />
            <line number="71" hits="2" branch="False" />
            <line number="72" hits="8" branch="False" />
            <line number="73" hits="2" branch="False" />
            <line number="74" hits="16" branch="True" condition-coverage="100% (2/2)">
              <conditions>
                <condition number="132" type="jump" coverage="100%" />
              </conditions>
            </line>
            <line number="75" hits="6" branch="False" />
            <line number="76" hits="24" branch="True" condition-coverage="100% (2/2)">
              <conditions>
                <condition number="115" type="jump" coverage="100%" />
              </conditions>
            </line>
            <line number="77" hits="6" branch="False" />
            <line number="78" hits="6" branch="True" condition-coverage="100% (2/2)">
              <conditions>
                <condition number="70" type="jump" coverage="100%" />
              </conditions>
            </line>
            <line number="79" hits="1" branch="False" />
            <line number="80" hits="1" branch="False" />
            <line number="81" hits="1" branch="False" />
            <line number="83" hits="5" branch="False" />
            <line number="84" hits="5" branch="True" condition-coverage="50% (1/2)">
              <conditions>
                <condition number="91" type="jump" coverage="50%" />
              </conditions>
            </line>
            <line number="85" hits="0" branch="False" />
            <line number="86" hits="0" branch="False" />
            <line number="88" hits="5" branch="False" />
            <line number="89" hits="6" branch="False" />
            <line number="90" hits="6" branch="False" />
            <line number="91" hits="2" branch="True" condition-coverage="100% (2/2)">
              <conditions>
                <condition number="147" type="jump" coverage="100%" />
              </conditions>
            </line>
            <line number="92" hits="1" branch="False" />
            <line number="93" hits="1" branch="False" />
            <line number="95" hits="1" branch="False" />
            <line number="96" hits="2" branch="False" />
            <line number="16" hits="8" branch="False" />
            <line number="17" hits="8" branch="False" />
            <line number="18" hits="8" branch="False" />
            <line number="19" hits="8" branch="False" />
            <line number="20" hits="8" branch="False" />
            <line number="21" hits="8" branch="False" />
          </lines>
        </class>
        <class name="SimplifiedSlotMachine.Services.Container.DIContainer" filename="Frontend\Projects\SlotMachine\slot-machine-main\slot-machine-main\SimplifiedSlotMachine.Services\Container\DIContainer.cs" line-rate="0" branch-rate="1" complexity="1">
          <methods>
            <method name="Load" signature="()" line-rate="0" branch-rate="1" complexity="1">
              <lines>
                <line number="11" hits="0" branch="False" />
                <line number="12" hits="0" branch="False" />
                <line number="13" hits="0" branch="False" />
                <line number="14" hits="0" branch="False" />
                <line number="15" hits="0" branch="False" />
                <line number="16" hits="0" branch="False" />
                <line number="17" hits="0" branch="False" />
                <line number="18" hits="0" branch="False" />
              </lines>
            </method>
          </methods>
          <lines>
            <line number="11" hits="0" branch="False" />
            <line number="12" hits="0" branch="False" />
            <line number="13" hits="0" branch="False" />
            <line number="14" hits="0" branch="False" />
            <line number="15" hits="0" branch="False" />
            <line number="16" hits="0" branch="False" />
            <line number="17" hits="0" branch="False" />
            <line number="18" hits="0" branch="False" />
          </lines>
        </class>
      </classes>
    </package>
    <package name="SimplifiedSlotMachine.Tests" line-rate="0.9891" branch-rate="1" complexity="15">
      <classes>
        <class name="AutoGeneratedProgram" filename="Users\boncho.dikov\.nuget\packages\microsoft.net.test.sdk\17.0.0\build\netcoreapp2.1\Microsoft.NET.Test.Sdk.Program.cs" line-rate="0" branch-rate="1" complexity="1">
          <methods>
            <method name="Main" signature="(System.String[])" line-rate="0" branch-rate="1" complexity="1">
              <lines>
                <line number="4" hits="0" branch="False" />
              </lines>
            </method>
          </methods>
          <lines>
            <line number="4" hits="0" branch="False" />
          </lines>
        </class>
        <class name="SimplifiedSlotMachine.Tests.Services.PlayGame_Should" filename="Frontend\Projects\SlotMachine\slot-machine-main\slot-machine-main\SimplifiedSlotMachine.Tests\Services\PlayGame_Should.cs" line-rate="1" branch-rate="1" complexity="1">
          <methods>
            <method name="Parse_ReturnParams" signature="()" line-rate="1" branch-rate="1" complexity="1">
              <lines>
                <line number="17" hits="1" branch="False" />
                <line number="18" hits="1" branch="False" />
                <line number="19" hits="1" branch="False" />
                <line number="21" hits="1" branch="False" />
                <line number="22" hits="1" branch="False" />
                <line number="23" hits="1" branch="False" />
                <line number="24" hits="1" branch="False" />
                <line number="25" hits="1" branch="False" />
                <line number="26" hits="1" branch="False" />
                <line number="27" hits="1" branch="False" />
                <line number="28" hits="1" branch="False" />
                <line number="29" hits="1" branch="False" />
                <line number="30" hits="1" branch="False" />
                <line number="32" hits="1" branch="False" />
                <line number="33" hits="1" branch="False" />
                <line number="36" hits="1" branch="False" />
                <line number="38" hits="1" branch="False" />
                <line number="40" hits="1" branch="False" />
                <line number="42" hits="1" branch="False" />
                <line number="43" hits="1" branch="False" />
                <line number="44" hits="1" branch="False" />
                <line number="45" hits="1" branch="False" />
              </lines>
            </method>
          </methods>
          <lines>
            <line number="17" hits="1" branch="False" />
            <line number="18" hits="1" branch="False" />
            <line number="19" hits="1" branch="False" />
            <line number="21" hits="1" branch="False" />
            <line number="22" hits="1" branch="False" />
            <line number="23" hits="1" branch="False" />
            <line number="24" hits="1" branch="False" />
            <line number="25" hits="1" branch="False" />
            <line number="26" hits="1" branch="False" />
            <line number="27" hits="1" branch="False" />
            <line number="28" hits="1" branch="False" />
            <line number="29" hits="1" branch="False" />
            <line number="30" hits="1" branch="False" />
            <line number="32" hits="1" branch="False" />
            <line number="33" hits="1" branch="False" />
            <line number="36" hits="1" branch="False" />
            <line number="38" hits="1" branch="False" />
            <line number="40" hits="1" branch="False" />
            <line number="42" hits="1" branch="False" />
            <line number="43" hits="1" branch="False" />
            <line number="44" hits="1" branch="False" />
            <line number="45" hits="1" branch="False" />
          </lines>
        </class>
        <class name="SimplifiedSlotMachine.Tests.Services.RequestTranslator_Should" filename="Frontend\Projects\SlotMachine\slot-machine-main\slot-machine-main\SimplifiedSlotMachine.Tests\Services\RequestTranslator_Should.cs" line-rate="1" branch-rate="1" complexity="2">
          <methods>
            <method name="Parse_ReturnParams" signature="()" line-rate="1" branch-rate="1" complexity="1">
              <lines>
                <line number="11" hits="1" branch="False" />
                <line number="12" hits="1" branch="False" />
                <line number="13" hits="1" branch="False" />
                <line number="14" hits="1" branch="False" />
                <line number="15" hits="1" branch="False" />
                <line number="16" hits="1" branch="False" />
                <line number="17" hits="1" branch="False" />
              </lines>
            </method>
            <method name="Parse_Exception" signature="()" line-rate="1" branch-rate="1" complexity="1">
              <lines>
                <line number="21" hits="1" branch="False" />
                <line number="22" hits="1" branch="False" />
                <line number="24" hits="2" branch="False" />
                <line number="25" hits="1" branch="False" />
                <line number="26" hits="1" branch="False" />
              </lines>
            </method>
          </methods>
          <lines>
            <line number="11" hits="1" branch="False" />
            <line number="12" hits="1" branch="False" />
            <line number="13" hits="1" branch="False" />
            <line number="14" hits="1" branch="False" />
            <line number="15" hits="1" branch="False" />
            <line number="16" hits="1" branch="False" />
            <line number="17" hits="1" branch="False" />
            <line number="21" hits="1" branch="False" />
            <line number="22" hits="1" branch="False" />
            <line number="24" hits="2" branch="False" />
            <line number="25" hits="1" branch="False" />
            <line number="26" hits="1" branch="False" />
          </lines>
        </class>
        <class name="SimplifiedSlotMachine.Tests.Services.RNDCalculator_Should" filename="Frontend\Projects\SlotMachine\slot-machine-main\slot-machine-main\SimplifiedSlotMachine.Tests\Services\RNDCalculator_Should.cs" line-rate="1" branch-rate="1" complexity="9">
          <methods>
            <method name="CalculateCurrentBalance" signature="()" line-rate="1" branch-rate="1" complexity="1">
              <lines>
                <line number="13" hits="1" branch="False" />
                <line number="14" hits="1" branch="False" />
                <line number="15" hits="1" branch="False" />
                <line number="16" hits="1" branch="False" />
                <line number="17" hits="1" branch="False" />
              </lines>
            </method>
            <method name="CalculateWinCoeficient_A" signature="()" line-rate="1" branch-rate="1" complexity="1">
              <lines>
                <line number="21" hits="1" branch="False" />
                <line number="22" hits="1" branch="False" />
                <line number="23" hits="1" branch="False" />
                <line number="24" hits="1" branch="False" />
                <line number="25" hits="1" branch="False" />
              </lines>
            </method>
            <method name="CalculateWinCoeficient_P" signature="()" line-rate="1" branch-rate="1" complexity="1">
              <lines>
                <line number="29" hits="1" branch="False" />
                <line number="30" hits="1" branch="False" />
                <line number="31" hits="1" branch="False" />
                <line number="32" hits="1" branch="False" />
                <line number="33" hits="1" branch="False" />
              </lines>
            </method>
            <method name="CalculateWinCoeficient_B" signature="()" line-rate="1" branch-rate="1" complexity="1">
              <lines>
                <line number="37" hits="1" branch="False" />
                <line number="38" hits="1" branch="False" />
                <line number="39" hits="1" branch="False" />
                <line number="40" hits="1" branch="False" />
                <line number="41" hits="1" branch="False" />
              </lines>
            </method>
            <method name="CalculateWinCoeficient_Wild" signature="()" line-rate="1" branch-rate="1" complexity="1">
              <lines>
                <line number="45" hits="1" branch="False" />
                <line number="46" hits="1" branch="False" />
                <line number="47" hits="1" branch="False" />
                <line number="48" hits="1" branch="False" />
                <line number="49" hits="1" branch="False" />
              </lines>
            </method>
            <method name="GetGameNumbers" signature="()" line-rate="1" branch-rate="1" complexity="2">
              <lines>
                <line number="53" hits="1" branch="False" />
                <line number="54" hits="1" branch="False" />
                <line number="55" hits="1" branch="False" />
                <line number="56" hits="1" branch="False" />
                <line number="57" hits="8" branch="True" condition-coverage="100% (2/2)">
                  <conditions>
                    <condition number="81" type="jump" coverage="100%" />
                  </conditions>
                </line>
                <line number="58" hits="3" branch="False" />
                <line number="59" hits="3" branch="False" />
                <line number="60" hits="3" branch="False" />
                <line number="61" hits="1" branch="False" />
              </lines>
            </method>
            <method name="ContainsDuplicates_False" signature="()" line-rate="1" branch-rate="1" complexity="1">
              <lines>
                <line number="65" hits="1" branch="False" />
                <line number="66" hits="1" branch="False" />
                <line number="67" hits="1" branch="False" />
                <line number="68" hits="1" branch="False" />
                <line number="69" hits="1" branch="False" />
              </lines>
            </method>
            <method name="ContainsDuplicates_True" signature="()" line-rate="1" branch-rate="1" complexity="1">
              <lines>
                <line number="73" hits="1" branch="False" />
                <line number="74" hits="1" branch="False" />
                <line number="75" hits="1" branch="False" />
                <line number="77" hits="1" branch="False" />
                <line number="79" hits="1" branch="False" />
              </lines>
            </method>
          </methods>
          <lines>
            <line number="13" hits="1" branch="False" />
            <line number="14" hits="1" branch="False" />
            <line number="15" hits="1" branch="False" />
            <line number="16" hits="1" branch="False" />
            <line number="17" hits="1" branch="False" />
            <line number="21" hits="1" branch="False" />
            <line number="22" hits="1" branch="False" />
            <line number="23" hits="1" branch="False" />
            <line number="24" hits="1" branch="False" />
            <line number="25" hits="1" branch="False" />
            <line number="29" hits="1" branch="False" />
            <line number="30" hits="1" branch="False" />
            <line number="31" hits="1" branch="False" />
            <line number="32" hits="1" branch="False" />
            <line number="33" hits="1" branch="False" />
            <line number="37" hits="1" branch="False" />
            <line number="38" hits="1" branch="False" />
            <line number="39" hits="1" branch="False" />
            <line number="40" hits="1" branch="False" />
            <line number="41" hits="1" branch="False" />
            <line number="45" hits="1" branch="False" />
            <line number="46" hits="1" branch="False" />
            <line number="47" hits="1" branch="False" />
            <line number="48" hits="1" branch="False" />
            <line number="49" hits="1" branch="False" />
            <line number="53" hits="1" branch="False" />
            <line number="54" hits="1" branch="False" />
            <line number="55" hits="1" branch="False" />
            <line number="56" hits="1" branch="False" />
            <line number="57" hits="8" branch="True" condition-coverage="100% (2/2)">
              <conditions>
                <condition number="81" type="jump" coverage="100%" />
              </conditions>
            </line>
            <line number="58" hits="3" branch="False" />
            <line number="59" hits="3" branch="False" />
            <line number="60" hits="3" branch="False" />
            <line number="61" hits="1" branch="False" />
            <line number="65" hits="1" branch="False" />
            <line number="66" hits="1" branch="False" />
            <line number="67" hits="1" branch="False" />
            <line number="68" hits="1" branch="False" />
            <line number="69" hits="1" branch="False" />
            <line number="73" hits="1" branch="False" />
            <line number="74" hits="1" branch="False" />
            <line number="75" hits="1" branch="False" />
            <line number="77" hits="1" branch="False" />
            <line number="79" hits="1" branch="False" />
          </lines>
        </class>
        <class name="SimplifiedSlotMachine.Tests.Data.Models.Game_Should" filename="Frontend\Projects\SlotMachine\slot-machine-main\slot-machine-main\SimplifiedSlotMachine.Tests\Data\Models\Game_Should.cs" line-rate="1" branch-rate="1" complexity="2">
          <methods>
            <method name="CreateGame_WithCorrectData" signature="()" line-rate="1" branch-rate="1" complexity="1">
              <lines>
                <line number="12" hits="1" branch="False" />
                <line number="13" hits="1" branch="False" />
                <line number="14" hits="1" branch="False" />
                <line number="16" hits="1" branch="False" />
                <line number="18" hits="1" branch="False" />
                <line number="19" hits="1" branch="False" />
                <line number="20" hits="1" branch="False" />
              </lines>
            </method>
            <method name="NOT_CreateGame_WithBetBiggerThanBalance" signature="()" line-rate="1" branch-rate="1" complexity="1">
              <lines>
                <line number="24" hits="1" branch="False" />
                <line number="25" hits="1" branch="False" />
                <line number="26" hits="1" branch="False" />
                <line number="28" hits="2" branch="False" />
                <line number="29" hits="1" branch="False" />
                <line number="30" hits="1" branch="False" />
              </lines>
            </method>
          </methods>
          <lines>
            <line number="12" hits="1" branch="False" />
            <line number="13" hits="1" branch="False" />
            <line number="14" hits="1" branch="False" />
            <line number="16" hits="1" branch="False" />
            <line number="18" hits="1" branch="False" />
            <line number="19" hits="1" branch="False" />
            <line number="20" hits="1" branch="False" />
            <line number="24" hits="1" branch="False" />
            <line number="25" hits="1" branch="False" />
            <line number="26" hits="1" branch="False" />
            <line number="28" hits="2" branch="False" />
            <line number="29" hits="1" branch="False" />
            <line number="30" hits="1" branch="False" />
          </lines>
        </class>
      </classes>
    </package>
  </packages>
</coverage>